<?xml version="1.0" encoding="UTF-8"?>
<!-- Generated by org.testng.reporters.JUnitReportReporter -->
<testsuite hostname="DESKTOP-LSMDMH5" failures="0" tests="1" name="com.framework.testCases.TC_Add_Customer_003" time="7.176" errors="0" timestamp="2020-09-16T21:31:11 CDT" skipped="0">
  <testcase classname="com.framework.testCases.TC_Add_Customer_003" name="addNewCustomer" time="7.176"/>
  <system-out/>
</testsuite> <!-- com.framework.testCases.TC_Add_Customer_003 -->
